% BatcherQueue	CReqBatcher	Replica-0-Forward	Replica-1-Forward	ReplicaIOSnd-1	ReqManExec	pendingCReqs	pendingProposals	alpha
10206	0	0	0	0	0	0	0	0	0
10406	0	0	0	0	0	0	0	0	0
10607	0	0	0	0	0	0	0	0	0
10808	0	0	0	0	0	0	0	0	0
11009	0	0	0	0	0	0	0	0	0
11210	0	0	0	0	0	0	0	0	0
11412	0	0	0	0	0	0	0	0	0
11612	0	0	0	0	0	0	0	0	0
11812	0	0	0	0	0	0	0	0	0
12013	0	0	0	0	0	0	0	0	0
12214	0	0	0	0	0	0	0	0	0
12416	0	0	0	0	0	0	0	0	0
12617	0	0	0	0	0	0	0	0	0
12818	0	0	0	0	0	0	0	0	0
13019	0	0	0	0	0	0	0	0	0
13220	0	0	0	0	0	0	0	0	0
13421	0	0	0	0	0	0	0	0	0
13622	0	0	0	0	0	0	0	0	0
13822	0	0	0	0	0	0	0	0	0
14024	0	0	0	0	0	0	0	0	0
14225	0	0	0	0	0	0	0	0	0
14426	0	0	0	0	0	0	0	0	0
14627	0	0	0	0	0	0	0	0	0
14828	0	0	0	0	0	0	0	0	0
15029	0	0	0	0	0	0	0	0	0
15230	0	0	0	0	0	0	0	0	0
15431	0	0	0	0	0	0	0	0	0
15632	0	0	0	0	0	0	0	0	0
15832	0	0	0	0	0	0	0	0	0
16034	0	0	0	0	0	0	0	0	0
16235	0	0	0	0	0	0	0	0	0
16436	0	0	0	0	0	0	0	0	0
16637	0	0	0	0	0	0	0	0	0
16838	0	0	0	0	0	0	0	0	0
17039	0	0	0	0	0	0	0	0	0
17240	0	0	0	0	0	0	0	0	0
17441	0	0	0	0	0	0	0	0	0
17642	0	0	0	0	0	0	0	0	0
17842	0	0	0	0	0	0	0	0	0
18043	0	0	0	0	0	0	0	0	0
18244	0	0	0	0	0	0	0	0	0
18444	0	0	0	0	0	0	0	0	0
18645	0	0	0	0	0	0	0	0	0
18846	0	0	0	0	0	0	0	0	0
19046	0	0	0	0	0	0	0	0	0
19247	0	0	0	0	0	0	0	0	0
19448	0	0	0	0	0	0	0	0	0
19649	0	0	0	0	0	0	0	0	0
19850	0	0	0	0	0	0	0	0	0
20051	0	0	0	0	0	0	0	0	0
20251	0	0	0	0	0	0	0	0	0
20452	0	0	0	0	0	0	0	0	0
20653	0	0	0	0	0	0	0	0	0
20854	0	0	0	0	0	0	0	0	0
21055	0	0	0	0	0	0	0	0	0
21256	0	0	0	0	0	0	0	0	0
21456	0	0	0	0	0	0	0	0	0
21657	0	0	0	0	0	0	0	0	0
21859	0	0	0	0	0	0	0	0	0
22059	0	0	0	0	0	0	0	0	0
22259	0	0	0	0	0	0	0	0	0
22460	0	0	0	0	0	0	0	0	0
22660	0	0	0	0	0	0	0	0	0
22861	0	0	0	0	0	0	0	0	0
23062	0	0	0	0	0	0	0	0	0
23263	0	0	0	0	0	0	0	0	0
23464	0	0	0	0	0	0	0	0	0
23665	0	0	0	0	0	0	0	0	0
23866	0	0	0	0	0	0	0	0	0
24067	0	0	0	0	0	0	0	0	0
24268	0	0	0	0	0	0	0	0	0
24469	0	0	0	0	0	0	0	0	0
24670	0	0	0	0	0	0	0	0	0
24871	0	0	0	0	0	0	0	0	0
25072	0	0	0	0	0	0	0	0	0
25273	0	0	0	0	0	0	0	0	0
25474	0	0	0	0	0	0	0	0	0
25675	0	0	0	0	0	0	0	0	0
25876	0	0	0	0	0	0	0	0	0
26076	0	0	0	0	0	0	0	0	0
26277	0	0	0	0	0	0	0	0	0
26479	0	0	0	0	0	0	0	0	0
26679	0	0	0	0	0	0	0	0	0
26880	0	0	0	0	0	0	0	0	0
27081	0	0	0	0	0	0	0	0	0
27282	0	0	0	0	0	0	0	0	0
27483	0	0	0	0	0	0	0	0	0
27684	0	0	0	0	0	0	0	0	0
27885	0	0	0	0	0	0	0	0	0
28086	0	0	0	0	0	0	0	0	0
28287	0	0	0	0	0	0	0	0	0
28487	0	0	0	0	0	0	0	0	0
28688	0	0	0	0	0	0	0	0	0
28889	0	0	0	0	0	0	0	0	0
29090	0	0	0	0	0	0	0	0	0
29291	0	0	0	0	0	0	0	0	0
29492	0	0	0	0	0	0	0	0	0
29692	0	0	0	0	0	0	0	0	0
29893	0	0	0	0	0	0	0	0	0
30093	0	0	0	0	0	0	0	0	0
30294	0	0	0	0	0	0	0	0	0
30495	0	0	0	0	0	0	0	0	0
30696	0	0	0	0	0	0	0	0	0
30897	0	0	0	0	0	0	0	0	0
31099	0	0	0	0	0	0	0	0	0
31300	0	0	0	0	0	0	0	0	0
31501	0	0	0	0	0	0	0	0	0
31702	0	0	0	0	0	0	0	0	0
31903	0	0	0	0	0	0	0	0	0
32103	0	0	0	0	0	0	0	0	0
32304	0	0	0	0	0	0	0	0	0
32505	0	0	0	0	0	0	0	0	0
32706	0	0	0	0	0	0	0	0	0
32906	0	0	0	0	0	0	0	0	0
33107	0	0	0	0	0	0	0	0	0
33308	0	0	0	0	0	0	0	0	0
33509	0	0	0	0	0	0	0	0	0
33710	0	0	0	0	0	0	0	0	0
33911	0	0	0	0	0	0	0	0	0
34112	0	0	0	0	0	0	0	0	0
34312	0	0	0	0	0	0	0	0	0
34514	0	0	0	0	0	0	0	0	0
34714	0	0	0	0	0	0	0	0	0
34915	0	0	0	0	0	0	0	0	0
35117	0	0	0	0	0	0	0	0	0
35318	0	0	0	0	0	0	0	0	0
35518	0	0	0	0	0	0	0	0	0
35718	0	0	0	0	0	0	0	0	0
35919	0	0	0	0	0	0	0	0	0
36120	0	0	0	0	0	0	0	0	0
36321	0	0	0	0	0	0	0	0	0
36522	0	0	0	0	0	0	0	0	0
36723	0	0	0	0	0	0	0	0	0
36924	0	0	0	0	0	0	0	0	0
37125	0	0	0	0	0	0	0	0	0
37326	0	0	0	0	0	0	0	0	0
37526	0	0	0	0	0	0	0	0	0
37727	0	0	0	0	0	0	0	0	0
37928	0	0	0	0	0	0	0	0	0
38129	0	0	0	0	0	0	0	0	0
38330	0	0	0	0	0	0	0	0	0
38531	0	0	0	0	0	0	0	0	0
38732	0	0	0	0	0	0	0	0	0
38932	0	0	0	0	0	0	0	0	0
39132	0	0	0	0	0	0	0	0	0
39334	0	0	0	0	0	0	0	0	0
39534	0	0	0	0	0	0	0	0	0
39735	0	0	0	0	0	0	0	0	0
39936	0	0	0	1	0	1	0	0	0
40136	0	0	0	0	0	0	0	0	0
40337	0	0	0	0	0	0	0	0	0
40539	0	0	0	0	0	0	0	0	0
40739	0	0	0	0	0	0	0	0	0
40940	0	0	0	0	0	0	0	0	0
41141	0	0	0	0	0	0	0	0	0
41342	0	0	0	0	0	0	0	0	0
41542	0	0	0	0	0	0	0	0	0
41743	0	0	0	0	0	0	0	0	0
41944	0	0	0	0	0	0	0	0	0
42145	0	0	0	0	0	0	0	0	0
42346	0	0	0	0	0	0	0	0	0
42547	0	0	0	0	0	0	0	0	0
42747	0	0	0	0	0	0	0	0	0
42948	0	0	0	0	0	0	0	0	0
43149	0	0	0	0	0	0	0	0	0
43350	0	0	0	0	0	0	0	0	0
43551	0	0	0	0	0	0	0	0	0
43753	0	0	0	0	0	0	0	0	0
43953	0	0	0	0	0	0	0	0	0
44154	0	0	0	0	0	0	0	0	0
44355	0	0	0	0	0	0	0	0	0
44556	0	0	0	0	0	0	0	0	0
44757	0	0	0	0	0	0	0	0	0
44958	0	0	0	0	0	0	0	0	0
45159	0	0	0	0	0	0	0	0	0
45359	0	0	0	0	0	0	0	0	0
45560	0	0	0	0	0	0	0	0	0
45761	0	0	0	0	0	0	0	0	0
45962	0	0	0	0	0	0	0	0	0
46162	0	0	0	0	0	0	0	0	0
46363	0	0	0	0	0	0	0	0	0
46564	0	0	0	0	0	0	0	0	0
46765	0	0	0	0	0	0	0	0	0
46967	0	0	0	0	0	0	0	0	0
47168	0	0	0	0	0	0	0	0	0
47368	0	0	0	0	0	0	0	0	0
47568	0	0	0	0	0	0	0	0	0
47770	0	0	0	0	0	0	0	0	0
47971	0	0	0	0	0	0	0	0	0
48172	0	0	0	0	0	0	0	0	0
48372	0	0	0	0	0	0	0	0	0
48574	0	0	0	0	0	0	0	0	0
48775	0	0	0	0	0	0	0	0	0
48976	0	0	0	0	0	0	0	0	0
49176	0	0	0	0	0	0	0	0	0
49377	0	0	0	0	0	0	0	0	0
49578	0	0	0	0	0	0	0	0	0
49779	0	0	0	0	0	0	0	0	0
49980	0	0	0	0	0	0	0	0	0
50180	0	0	0	0	0	0	0	0	0
50381	0	0	0	0	0	0	0	0	0
50582	0	0	0	0	0	0	0	0	0
50783	0	0	0	0	0	0	0	0	0
50984	0	0	0	0	0	0	0	0	0
51185	0	0	0	0	0	0	0	0	0
51386	0	0	0	0	0	0	0	0	0
51587	0	0	0	0	0	0	0	0	0
51787	0	0	0	0	0	0	0	0	0
51989	0	0	0	0	0	0	0	0	0
52190	0	0	0	0	0	0	0	0	0
52391	0	0	0	0	0	0	0	0	0
52592	0	0	0	0	0	0	0	0	0
52792	0	0	0	0	0	0	0	0	0
52992	0	0	0	0	0	0	0	0	0
53193	0	0	0	0	0	0	0	0	0
53395	0	0	0	0	0	0	0	0	0
53595	0	0	0	0	0	0	0	0	0
53796	0	0	0	0	0	0	0	0	0
53997	0	0	0	0	0	0	0	0	0
54198	0	0	0	0	0	0	0	0	0
54399	0	0	0	0	0	0	0	0	0
54600	0	0	0	0	0	0	0	0	0
54801	0	0	0	0	0	0	0	0	0
55002	0	0	0	0	0	0	0	0	0
55203	0	0	0	0	0	0	0	0	0
55404	0	0	0	0	0	0	0	0	0
55604	0	0	0	0	0	0	0	0	0
55805	0	0	0	0	0	0	0	0	0
56006	0	0	0	0	0	0	0	0	0
56207	0	0	0	0	0	0	0	0	0
